{"/home/kochev/Documents/uplink-decoder/src/uplinkFunctionToTest.ts": {"path":"/home/kochev/Documents/uplink-decoder/src/uplinkFunctionToTest.ts","statementMap":{"0":{"start":{"line":209,"column":0},"end":{"line":209,"column":16}},"1":{"start":{"line":1,"column":0},"end":{"line":1,"column":28}},"2":{"start":{"line":3,"column":28},"end":{"line":207,"column":1}},"3":{"start":{"line":4,"column":4},"end":{"line":206,"column":5}},"4":{"start":{"line":5,"column":24},"end":{"line":5,"column":29}},"5":{"start":{"line":6,"column":19},"end":{"line":6,"column":21}},"6":{"start":{"line":8,"column":32},"end":{"line":30,"column":9}},"7":{"start":{"line":9,"column":12},"end":{"line":9,"column":48}},"8":{"start":{"line":12,"column":27},"end":{"line":12,"column":91}},"9":{"start":{"line":13,"column":12},"end":{"line":13,"column":44}},"10":{"start":{"line":16,"column":26},"end":{"line":16,"column":52}},"11":{"start":{"line":17,"column":12},"end":{"line":17,"column":33}},"12":{"start":{"line":20,"column":12},"end":{"line":20,"column":40}},"13":{"start":{"line":23,"column":30},"end":{"line":23,"column":57}},"14":{"start":{"line":24,"column":12},"end":{"line":24,"column":42}},"15":{"start":{"line":27,"column":12},"end":{"line":27,"column":64}},"16":{"start":{"line":29,"column":12},"end":{"line":29,"column":24}},"17":{"start":{"line":32,"column":31},"end":{"line":192,"column":9}},"18":{"start":{"line":33,"column":27},"end":{"line":33,"column":95}},"19":{"start":{"line":33,"column":45},"end":{"line":33,"column":80}},"20":{"start":{"line":34,"column":30},"end":{"line":34,"column":31}},"21":{"start":{"line":36,"column":12},"end":{"line":189,"column":15}},"22":{"start":{"line":37,"column":16},"end":{"line":187,"column":17}},"23":{"start":{"line":39,"column":24},"end":{"line":39,"column":40}},"24":{"start":{"line":40,"column":48},"end":{"line":40,"column":63}},"25":{"start":{"line":41,"column":48},"end":{"line":41,"column":63}},"26":{"start":{"line":42,"column":24},"end":{"line":45,"column":26}},"27":{"start":{"line":46,"column":24},"end":{"line":46,"column":30}},"28":{"start":{"line":49,"column":24},"end":{"line":49,"column":40}},"29":{"start":{"line":50,"column":24},"end":{"line":50,"column":75}},"30":{"start":{"line":51,"column":24},"end":{"line":51,"column":30}},"31":{"start":{"line":54,"column":24},"end":{"line":54,"column":40}},"32":{"start":{"line":55,"column":48},"end":{"line":55,"column":77}},"33":{"start":{"line":56,"column":48},"end":{"line":56,"column":74}},"34":{"start":{"line":57,"column":24},"end":{"line":57,"column":63}},"35":{"start":{"line":58,"column":24},"end":{"line":58,"column":30}},"36":{"start":{"line":61,"column":24},"end":{"line":61,"column":40}},"37":{"start":{"line":62,"column":24},"end":{"line":62,"column":72}},"38":{"start":{"line":63,"column":24},"end":{"line":63,"column":30}},"39":{"start":{"line":66,"column":24},"end":{"line":66,"column":40}},"40":{"start":{"line":67,"column":37},"end":{"line":67,"column":101}},"41":{"start":{"line":68,"column":38},"end":{"line":68,"column":102}},"42":{"start":{"line":69,"column":24},"end":{"line":69,"column":62}},"43":{"start":{"line":70,"column":24},"end":{"line":70,"column":30}},"44":{"start":{"line":73,"column":24},"end":{"line":73,"column":40}},"45":{"start":{"line":74,"column":24},"end":{"line":77,"column":26}},"46":{"start":{"line":78,"column":24},"end":{"line":78,"column":30}},"47":{"start":{"line":81,"column":24},"end":{"line":81,"column":40}},"48":{"start":{"line":82,"column":24},"end":{"line":85,"column":26}},"49":{"start":{"line":86,"column":24},"end":{"line":86,"column":30}},"50":{"start":{"line":89,"column":24},"end":{"line":89,"column":40}},"51":{"start":{"line":90,"column":24},"end":{"line":90,"column":82}},"52":{"start":{"line":91,"column":24},"end":{"line":91,"column":30}},"53":{"start":{"line":94,"column":24},"end":{"line":94,"column":40}},"54":{"start":{"line":95,"column":24},"end":{"line":95,"column":119}},"55":{"start":{"line":96,"column":24},"end":{"line":96,"column":30}},"56":{"start":{"line":99,"column":24},"end":{"line":99,"column":40}},"57":{"start":{"line":100,"column":24},"end":{"line":100,"column":96}},"58":{"start":{"line":101,"column":24},"end":{"line":101,"column":30}},"59":{"start":{"line":104,"column":24},"end":{"line":104,"column":40}},"60":{"start":{"line":105,"column":24},"end":{"line":105,"column":79}},"61":{"start":{"line":106,"column":24},"end":{"line":106,"column":30}},"62":{"start":{"line":109,"column":24},"end":{"line":109,"column":40}},"63":{"start":{"line":110,"column":24},"end":{"line":110,"column":93}},"64":{"start":{"line":111,"column":24},"end":{"line":111,"column":30}},"65":{"start":{"line":114,"column":24},"end":{"line":114,"column":40}},"66":{"start":{"line":115,"column":24},"end":{"line":115,"column":80}},"67":{"start":{"line":116,"column":24},"end":{"line":116,"column":30}},"68":{"start":{"line":119,"column":24},"end":{"line":119,"column":40}},"69":{"start":{"line":120,"column":24},"end":{"line":123,"column":26}},"70":{"start":{"line":124,"column":24},"end":{"line":124,"column":30}},"71":{"start":{"line":127,"column":24},"end":{"line":127,"column":40}},"72":{"start":{"line":128,"column":24},"end":{"line":131,"column":26}},"73":{"start":{"line":132,"column":24},"end":{"line":132,"column":30}},"74":{"start":{"line":135,"column":24},"end":{"line":135,"column":40}},"75":{"start":{"line":136,"column":24},"end":{"line":139,"column":26}},"76":{"start":{"line":140,"column":24},"end":{"line":140,"column":30}},"77":{"start":{"line":143,"column":24},"end":{"line":143,"column":40}},"78":{"start":{"line":144,"column":24},"end":{"line":147,"column":26}},"79":{"start":{"line":148,"column":24},"end":{"line":148,"column":30}},"80":{"start":{"line":151,"column":24},"end":{"line":151,"column":40}},"81":{"start":{"line":152,"column":24},"end":{"line":152,"column":124}},"82":{"start":{"line":153,"column":24},"end":{"line":153,"column":30}},"83":{"start":{"line":156,"column":24},"end":{"line":156,"column":40}},"84":{"start":{"line":157,"column":24},"end":{"line":157,"column":124}},"85":{"start":{"line":158,"column":24},"end":{"line":158,"column":30}},"86":{"start":{"line":161,"column":24},"end":{"line":161,"column":40}},"87":{"start":{"line":162,"column":24},"end":{"line":162,"column":85}},"88":{"start":{"line":163,"column":24},"end":{"line":163,"column":30}},"89":{"start":{"line":166,"column":24},"end":{"line":166,"column":40}},"90":{"start":{"line":167,"column":24},"end":{"line":167,"column":83}},"91":{"start":{"line":168,"column":24},"end":{"line":168,"column":30}},"92":{"start":{"line":171,"column":24},"end":{"line":171,"column":40}},"93":{"start":{"line":172,"column":24},"end":{"line":172,"column":81}},"94":{"start":{"line":173,"column":24},"end":{"line":173,"column":30}},"95":{"start":{"line":176,"column":24},"end":{"line":176,"column":40}},"96":{"start":{"line":177,"column":46},"end":{"line":179,"column":null}},"97":{"start":{"line":181,"column":50},"end":{"line":181,"column":124}},"98":{"start":{"line":182,"column":24},"end":{"line":182,"column":74}},"99":{"start":{"line":183,"column":24},"end":{"line":183,"column":30}},"100":{"start":{"line":186,"column":24},"end":{"line":186,"column":30}},"101":{"start":{"line":188,"column":16},"end":{"line":188,"column":48}},"102":{"start":{"line":191,"column":12},"end":{"line":191,"column":24}},"103":{"start":{"line":194,"column":8},"end":{"line":200,"column":9}},"104":{"start":{"line":195,"column":12},"end":{"line":195,"column":48}},"105":{"start":{"line":197,"column":12},"end":{"line":197,"column":47}},"106":{"start":{"line":198,"column":12},"end":{"line":198,"column":37}},"107":{"start":{"line":199,"column":12},"end":{"line":199,"column":48}},"108":{"start":{"line":202,"column":8},"end":{"line":202,"column":24}},"109":{"start":{"line":204,"column":8},"end":{"line":204,"column":23}},"110":{"start":{"line":205,"column":8},"end":{"line":205,"column":42}},"111":{"start":{"line":3,"column":13},"end":{"line":3,"column":28}},"112":{"start":{"line":210,"column":0},"end":{"line":210,"column":81}},"113":{"start":{"line":210,"column":52},"end":{"line":210,"column":78}},"114":{"start":{"line":213,"column":12},"end":{"line":213,"column":38}},"115":{"start":{"line":214,"column":15},"end":{"line":214,"column":47}},"116":{"start":{"line":216,"column":24},"end":{"line":216,"column":40}},"117":{"start":{"line":217,"column":25},"end":{"line":217,"column":44}},"118":{"start":{"line":219,"column":0},"end":{"line":219,"column":43}},"119":{"start":{"line":220,"column":0},"end":{"line":220,"column":45}},"120":{"start":{"line":222,"column":14},"end":{"line":222,"column":40}},"121":{"start":{"line":223,"column":17},"end":{"line":223,"column":44}},"122":{"start":{"line":224,"column":15},"end":{"line":224,"column":34}},"123":{"start":{"line":225,"column":17},"end":{"line":225,"column":39}},"124":{"start":{"line":227,"column":0},"end":{"line":227,"column":61}},"125":{"start":{"line":228,"column":0},"end":{"line":228,"column":65}}},"fnMap":{"0":{"name":"(anonymous_0)","decl":{"start":{"line":3,"column":28},"end":{"line":3,"column":29}},"loc":{"start":{"line":3,"column":38},"end":{"line":207,"column":1}}},"1":{"name":"(anonymous_1)","decl":{"start":{"line":8,"column":32},"end":{"line":8,"column":33}},"loc":{"start":{"line":8,"column":48},"end":{"line":30,"column":9}}},"2":{"name":"(anonymous_2)","decl":{"start":{"line":32,"column":31},"end":{"line":32,"column":32}},"loc":{"start":{"line":32,"column":47},"end":{"line":192,"column":9}}},"3":{"name":"(anonymous_3)","decl":{"start":{"line":33,"column":37},"end":{"line":33,"column":41}},"loc":{"start":{"line":33,"column":45},"end":{"line":33,"column":80}}},"4":{"name":"(anonymous_4)","decl":{"start":{"line":36,"column":29},"end":{"line":36,"column":30}},"loc":{"start":{"line":36,"column":44},"end":{"line":189,"column":13}}},"5":{"name":"hexToDecArr","decl":{"start":{"line":209,"column":16},"end":{"line":209,"column":27}},"loc":{"start":{"line":209,"column":35},"end":{"line":211,"column":1}}},"6":{"name":"(anonymous_6)","decl":{"start":{"line":210,"column":36},"end":{"line":210,"column":45}},"loc":{"start":{"line":210,"column":49},"end":{"line":210,"column":79}}}},"branchMap":{"0":{"loc":{"start":{"line":27,"column":30},"end":{"line":27,"column":63}},"type":"cond-expr","locations":[{"start":{"line":27,"column":51},"end":{"line":27,"column":55}},{"start":{"line":27,"column":58},"end":{"line":27,"column":63}}]},"1":{"loc":{"start":{"line":37,"column":16},"end":{"line":187,"column":17}},"type":"switch","locations":[{"start":{"line":38,"column":20},"end":{"line":47,"column":21}},{"start":{"line":48,"column":20},"end":{"line":52,"column":21}},{"start":{"line":53,"column":20},"end":{"line":59,"column":21}},{"start":{"line":60,"column":20},"end":{"line":64,"column":21}},{"start":{"line":65,"column":20},"end":{"line":71,"column":21}},{"start":{"line":72,"column":20},"end":{"line":79,"column":21}},{"start":{"line":80,"column":20},"end":{"line":87,"column":21}},{"start":{"line":88,"column":20},"end":{"line":92,"column":21}},{"start":{"line":93,"column":20},"end":{"line":97,"column":21}},{"start":{"line":98,"column":20},"end":{"line":102,"column":21}},{"start":{"line":103,"column":20},"end":{"line":107,"column":21}},{"start":{"line":108,"column":20},"end":{"line":112,"column":21}},{"start":{"line":113,"column":20},"end":{"line":117,"column":21}},{"start":{"line":118,"column":20},"end":{"line":125,"column":21}},{"start":{"line":126,"column":20},"end":{"line":133,"column":21}},{"start":{"line":134,"column":20},"end":{"line":141,"column":21}},{"start":{"line":142,"column":20},"end":{"line":149,"column":21}},{"start":{"line":150,"column":20},"end":{"line":154,"column":21}},{"start":{"line":155,"column":20},"end":{"line":159,"column":21}},{"start":{"line":160,"column":20},"end":{"line":164,"column":21}},{"start":{"line":165,"column":20},"end":{"line":169,"column":21}},{"start":{"line":170,"column":20},"end":{"line":174,"column":21}},{"start":{"line":175,"column":20},"end":{"line":184,"column":21}},{"start":{"line":185,"column":20},"end":{"line":186,"column":30}}]},"2":{"loc":{"start":{"line":67,"column":37},"end":{"line":67,"column":101}},"type":"cond-expr","locations":[{"start":{"line":67,"column":64},"end":{"line":67,"column":69}},{"start":{"line":67,"column":72},"end":{"line":67,"column":101}}]},"3":{"loc":{"start":{"line":68,"column":38},"end":{"line":68,"column":102}},"type":"cond-expr","locations":[{"start":{"line":68,"column":65},"end":{"line":68,"column":70}},{"start":{"line":68,"column":73},"end":{"line":68,"column":102}}]},"4":{"loc":{"start":{"line":194,"column":8},"end":{"line":200,"column":9}},"type":"if","locations":[{"start":{"line":194,"column":8},"end":{"line":200,"column":9}},{"start":{"line":196,"column":15},"end":{"line":200,"column":9}}]}},"s":{"0":1,"1":1,"2":1,"3":4,"4":4,"5":4,"6":4,"7":4,"8":4,"9":4,"10":4,"11":4,"12":4,"13":4,"14":4,"15":4,"16":4,"17":4,"18":2,"19":30,"20":2,"21":2,"22":2,"23":2,"24":2,"25":2,"26":2,"27":2,"28":0,"29":0,"30":0,"31":0,"32":0,"33":0,"34":0,"35":0,"36":0,"37":0,"38":0,"39":0,"40":0,"41":0,"42":0,"43":0,"44":0,"45":0,"46":0,"47":0,"48":0,"49":0,"50":0,"51":0,"52":0,"53":0,"54":0,"55":0,"56":0,"57":0,"58":0,"59":0,"60":0,"61":0,"62":0,"63":0,"64":0,"65":0,"66":0,"67":0,"68":0,"69":0,"70":0,"71":0,"72":0,"73":0,"74":0,"75":0,"76":0,"77":0,"78":0,"79":0,"80":0,"81":0,"82":0,"83":0,"84":0,"85":0,"86":0,"87":0,"88":0,"89":0,"90":0,"91":0,"92":0,"93":0,"94":0,"95":0,"96":0,"97":0,"98":0,"99":0,"100":0,"101":2,"102":2,"103":4,"104":2,"105":2,"106":2,"107":2,"108":4,"109":0,"110":0,"111":1,"112":4,"113":54,"114":1,"115":1,"116":1,"117":1,"118":1,"119":1,"120":1,"121":1,"122":1,"123":1,"124":1,"125":1},"f":{"0":4,"1":4,"2":2,"3":30,"4":2,"5":4,"6":54},"b":{"0":[4,0],"1":[2,0,0,0,0,0,0,0,0,0,0,0,0,0,0,0,0,0,0,0,0,0,0,0],"2":[0,0],"3":[0,0],"4":[2,2]}}
}
