TN:
SF:src/uplinkFunctionToTest.ts
FN:3,(anonymous_0)
FN:8,(anonymous_1)
FN:32,(anonymous_2)
FN:33,(anonymous_3)
FN:36,(anonymous_4)
FN:209,hexToDecArr
FN:210,(anonymous_6)
FNF:7
FNH:7
FNDA:4,(anonymous_0)
FNDA:4,(anonymous_1)
FNDA:2,(anonymous_2)
FNDA:30,(anonymous_3)
FNDA:2,(anonymous_4)
FNDA:4,hexToDecArr
FNDA:54,(anonymous_6)
DA:1,1
DA:3,1
DA:4,4
DA:5,4
DA:6,4
DA:8,4
DA:9,4
DA:12,4
DA:13,4
DA:16,4
DA:17,4
DA:20,4
DA:23,4
DA:24,4
DA:27,4
DA:29,4
DA:32,4
DA:33,30
DA:34,2
DA:36,2
DA:37,2
DA:39,2
DA:40,2
DA:41,2
DA:42,2
DA:46,2
DA:49,0
DA:50,0
DA:51,0
DA:54,0
DA:55,0
DA:56,0
DA:57,0
DA:58,0
DA:61,0
DA:62,0
DA:63,0
DA:66,0
DA:67,0
DA:68,0
DA:69,0
DA:70,0
DA:73,0
DA:74,0
DA:78,0
DA:81,0
DA:82,0
DA:86,0
DA:89,0
DA:90,0
DA:91,0
DA:94,0
DA:95,0
DA:96,0
DA:99,0
DA:100,0
DA:101,0
DA:104,0
DA:105,0
DA:106,0
DA:109,0
DA:110,0
DA:111,0
DA:114,0
DA:115,0
DA:116,0
DA:119,0
DA:120,0
DA:124,0
DA:127,0
DA:128,0
DA:132,0
DA:135,0
DA:136,0
DA:140,0
DA:143,0
DA:144,0
DA:148,0
DA:151,0
DA:152,0
DA:153,0
DA:156,0
DA:157,0
DA:158,0
DA:161,0
DA:162,0
DA:163,0
DA:166,0
DA:167,0
DA:168,0
DA:171,0
DA:172,0
DA:173,0
DA:176,0
DA:177,0
DA:181,0
DA:182,0
DA:183,0
DA:186,0
DA:188,2
DA:191,2
DA:194,4
DA:195,2
DA:197,2
DA:198,2
DA:199,2
DA:202,4
DA:204,0
DA:205,0
DA:209,1
DA:210,54
DA:213,1
DA:214,1
DA:216,1
DA:217,1
DA:219,1
DA:220,1
DA:222,1
DA:223,1
DA:224,1
DA:225,1
DA:227,1
DA:228,1
LF:123
LH:48
BRDA:27,0,0,4
BRDA:27,0,1,0
BRDA:37,1,0,2
BRDA:37,1,1,0
BRDA:37,1,2,0
BRDA:37,1,3,0
BRDA:37,1,4,0
BRDA:37,1,5,0
BRDA:37,1,6,0
BRDA:37,1,7,0
BRDA:37,1,8,0
BRDA:37,1,9,0
BRDA:37,1,10,0
BRDA:37,1,11,0
BRDA:37,1,12,0
BRDA:37,1,13,0
BRDA:37,1,14,0
BRDA:37,1,15,0
BRDA:37,1,16,0
BRDA:37,1,17,0
BRDA:37,1,18,0
BRDA:37,1,19,0
BRDA:37,1,20,0
BRDA:37,1,21,0
BRDA:37,1,22,0
BRDA:37,1,23,0
BRDA:67,2,0,0
BRDA:67,2,1,0
BRDA:68,3,0,0
BRDA:68,3,1,0
BRDA:194,4,0,2
BRDA:194,4,1,2
BRF:32
BRH:4
end_of_record
